Using pre-set license
Built from '2022.3/staging' branch; Version is '2022.3.42f1 (2dcb6a0abc42) revision 3001194'; Using compiler version '192829333'; Build Type 'Release'
OS: 'Windows 11  (10.0.22631) 64bit CoreSingleLanguage' Language: 'ru' Physical Memory: 15741 MB
BatchMode: 1, IsHumanControllingUs: 0, StartBugReporterOnCrash: 0, Is64bit: 1, IsPro: 1

COMMAND LINE ARGUMENTS:
D:\Program\Unity\2022.3.42f1\Editor\Unity.exe
-adb2
-batchMode
-noUpm
-name
AssetImportWorker6
-projectPath
D:/Unity/Project/King of the Forest
-logFile
Logs/AssetImportWorker6.log
-srvPort
61699
Successfully changed project path to: D:/Unity/Project/King of the Forest
D:/Unity/Project/King of the Forest
[UnityMemory] Configuration Parameters - Can be set up in boot.config
    "memorysetup-bucket-allocator-granularity=16"
    "memorysetup-bucket-allocator-bucket-count=8"
    "memorysetup-bucket-allocator-block-size=33554432"
    "memorysetup-bucket-allocator-block-count=8"
    "memorysetup-main-allocator-block-size=16777216"
    "memorysetup-thread-allocator-block-size=16777216"
    "memorysetup-gfx-main-allocator-block-size=16777216"
    "memorysetup-gfx-thread-allocator-block-size=16777216"
    "memorysetup-cache-allocator-block-size=4194304"
    "memorysetup-typetree-allocator-block-size=2097152"
    "memorysetup-profiler-bucket-allocator-granularity=16"
    "memorysetup-profiler-bucket-allocator-bucket-count=8"
    "memorysetup-profiler-bucket-allocator-block-size=33554432"
    "memorysetup-profiler-bucket-allocator-block-count=8"
    "memorysetup-profiler-allocator-block-size=16777216"
    "memorysetup-profiler-editor-allocator-block-size=1048576"
    "memorysetup-temp-allocator-size-main=16777216"
    "memorysetup-job-temp-allocator-block-size=2097152"
    "memorysetup-job-temp-allocator-block-size-background=1048576"
    "memorysetup-job-temp-allocator-reduction-small-platforms=262144"
    "memorysetup-allocator-temp-initial-block-size-main=262144"
    "memorysetup-allocator-temp-initial-block-size-worker=262144"
    "memorysetup-temp-allocator-size-background-worker=32768"
    "memorysetup-temp-allocator-size-job-worker=262144"
    "memorysetup-temp-allocator-size-preload-manager=33554432"
    "memorysetup-temp-allocator-size-nav-mesh-worker=65536"
    "memorysetup-temp-allocator-size-audio-worker=65536"
    "memorysetup-temp-allocator-size-cloud-worker=32768"
    "memorysetup-temp-allocator-size-gi-baking-worker=262144"
    "memorysetup-temp-allocator-size-gfx=262144"
Player connection [7556]  Target information:

Player connection [7556]  * "[IP] 192.168.56.1 [Port] 0 [Flags] 2 [Guid] 2714047939 [EditorId] 2714047939 [Version] 1048832 [Id] WindowsEditor(7,DESKTOP-5PQ9J8D) [Debug] 1 [PackageName] WindowsEditor [ProjectName] Editor" 

Player connection [7556]  * "[IP] 192.168.27.2 [Port] 0 [Flags] 2 [Guid] 2714047939 [EditorId] 2714047939 [Version] 1048832 [Id] WindowsEditor(7,DESKTOP-5PQ9J8D) [Debug] 1 [PackageName] WindowsEditor [ProjectName] Editor" 

Player connection [7556]  * "[IP] 192.168.1.126 [Port] 0 [Flags] 2 [Guid] 2714047939 [EditorId] 2714047939 [Version] 1048832 [Id] WindowsEditor(7,DESKTOP-5PQ9J8D) [Debug] 1 [PackageName] WindowsEditor [ProjectName] Editor" 

Player connection [7556] Host joined multi-casting on [225.0.0.222:54997]...
Player connection [7556] Host joined alternative multi-casting on [225.0.0.222:34997]...
[PhysX] Initialized MultithreadedTaskDispatcher with 12 workers.
Refreshing native plugins compatible for Editor in 10.79 ms, found 3 plugins.
Preloading 0 native plugins for Editor in 0.00 ms.
Initialize engine version: 2022.3.42f1 (2dcb6a0abc42)
[Subsystems] Discovering subsystems at path D:/Program/Unity/2022.3.42f1/Editor/Data/Resources/UnitySubsystems
[Subsystems] Discovering subsystems at path D:/Unity/Project/King of the Forest/Assets
GfxDevice: creating device client; threaded=0; jobified=0
Direct3D:
    Version:  Direct3D 11.0 [level 11.1]
    Renderer: AMD Radeon(TM) Graphics (ID=0x1636)
    Vendor:   ATI
    VRAM:     7870 MB
    Driver:   31.0.21902.5
Initialize mono
Mono path[0] = 'D:/Program/Unity/2022.3.42f1/Editor/Data/Managed'
Mono path[1] = 'D:/Program/Unity/2022.3.42f1/Editor/Data/MonoBleedingEdge/lib/mono/unityjit-win32'
Mono config path = 'D:/Program/Unity/2022.3.42f1/Editor/Data/MonoBleedingEdge/etc'
Using monoOptions --debugger-agent=transport=dt_socket,embedding=1,server=y,suspend=n,address=127.0.0.1:56460
Begin MonoManager ReloadAssembly
Registering precompiled unity dll's ...
Register platform support module: D:/Program/Unity/2022.3.42f1/Editor/Data/PlaybackEngines/WindowsStandaloneSupport/UnityEditor.WindowsStandalone.Extensions.dll
Registered in 0.004270 seconds.
- Loaded All Assemblies, in  0.798 seconds
Native extension for WindowsStandalone target not found
Mono: successfully reloaded assembly
- Finished resetting the current domain, in  0.443 seconds
Domain Reload Profiling: 1242ms
	BeginReloadAssembly (306ms)
		ExecutionOrderSort (0ms)
		DisableScriptedObjects (0ms)
		BackupInstance (0ms)
		ReleaseScriptingObjects (0ms)
		CreateAndSetChildDomain (1ms)
	RebuildCommonClasses (95ms)
	RebuildNativeTypeToScriptingClass (20ms)
	initialDomainReloadingComplete (91ms)
	LoadAllAssembliesAndSetupDomain (286ms)
		LoadAssemblies (305ms)
		RebuildTransferFunctionScriptingTraits (0ms)
		AnalyzeDomain (282ms)
			TypeCache.Refresh (280ms)
				TypeCache.ScanAssembly (255ms)
			ScanForSourceGeneratedMonoScriptInfo (1ms)
			ResolveRequiredComponents (1ms)
	FinalizeReload (444ms)
		ReleaseScriptCaches (0ms)
		RebuildScriptCaches (0ms)
		SetupLoadedEditorAssemblies (363ms)
			LogAssemblyErrors (0ms)
			InitializePlatformSupportModulesInManaged (15ms)
			SetLoadedEditorAssemblies (14ms)
			RefreshPlugins (0ms)
			BeforeProcessingInitializeOnLoad (4ms)
			ProcessInitializeOnLoadAttributes (248ms)
			ProcessInitializeOnLoadMethodAttributes (83ms)
			AfterProcessingInitializeOnLoad (0ms)
			EditorAssembliesLoaded (0ms)
		ExecutionOrderSort2 (0ms)
		AwakeInstancesAfterBackupRestoration (0ms)
========================================================================
Worker process is ready to serve import requests
Caller must complete domain reload
Begin MonoManager ReloadAssembly
- Loaded All Assemblies, in  1.215 seconds
Native extension for WindowsStandalone target not found
Package Manager log level set to [2]
[Package Manager] Server::EnsureServerProcessIsRunning -- launch failed, reason: Unity was launched with the -noUpm command-line argument
[Package Manager] UpmClient::Send -- Unable to send message (not connected to UPM process).
[Package Manager] Cannot connect to Unity Package Manager local server
Mono: successfully reloaded assembly
- Finished resetting the current domain, in  1.032 seconds
Domain Reload Profiling: 2246ms
	BeginReloadAssembly (253ms)
		ExecutionOrderSort (0ms)
		DisableScriptedObjects (10ms)
		BackupInstance (0ms)
		ReleaseScriptingObjects (0ms)
		CreateAndSetChildDomain (38ms)
	RebuildCommonClasses (96ms)
	RebuildNativeTypeToScriptingClass (35ms)
	initialDomainReloadingComplete (114ms)
	LoadAllAssembliesAndSetupDomain (716ms)
		LoadAssemblies (522ms)
		RebuildTransferFunctionScriptingTraits (0ms)
		AnalyzeDomain (331ms)
			TypeCache.Refresh (293ms)
				TypeCache.ScanAssembly (270ms)
			ScanForSourceGeneratedMonoScriptInfo (27ms)
			ResolveRequiredComponents (8ms)
	FinalizeReload (1033ms)
		ReleaseScriptCaches (0ms)
		RebuildScriptCaches (0ms)
		SetupLoadedEditorAssemblies (776ms)
			LogAssemblyErrors (0ms)
			InitializePlatformSupportModulesInManaged (8ms)
			SetLoadedEditorAssemblies (8ms)
			RefreshPlugins (0ms)
			BeforeProcessingInitializeOnLoad (102ms)
			ProcessInitializeOnLoadAttributes (614ms)
			ProcessInitializeOnLoadMethodAttributes (40ms)
			AfterProcessingInitializeOnLoad (4ms)
			EditorAssembliesLoaded (0ms)
		ExecutionOrderSort2 (0ms)
		AwakeInstancesAfterBackupRestoration (13ms)
Launched and connected shader compiler UnityShaderCompiler.exe after 0.10 seconds
Refreshing native plugins compatible for Editor in 3.35 ms, found 3 plugins.
Preloading 0 native plugins for Editor in 0.00 ms.
Unloading 3090 Unused Serialized files (Serialized files now loaded: 0)
Unloading 19 unused Assets / (54.9 KB). Loaded Objects now: 3577.
Memory consumption went from 129.0 MB to 128.9 MB.
Total: 5.429400 ms (FindLiveObjects: 0.483600 ms CreateObjectMapping: 0.165600 ms MarkObjects: 4.626100 ms  DeleteObjects: 0.152000 ms)

AssetImportParameters requested are different than current active one (requested -> active):
  custom:container-demuxer-ogg: 62fdf1f143b41e24485cea50d1cbac27 -> 
  custom:scripting/monoscript/fileName/FlyCameraControl.cs: 4e471f15041c319d655a6d08ea5e838e -> 
  custom:video-decoder-ogg-theora: a1e56fd34408186e4bbccfd4996cb3dc -> 
  custom:scripting/monoscript/fileName/CameraControl.cs: a4cd4ff695b106fa1726a14958b88adf -> 
  custom:framework-win-MediaFoundation: 216162199b28c13a410421893ffa2e32 -> 
  custom:CustomObjectIndexerAttribute: 9a22284fe3817be447336de3de66b15e -> 
  custom:container-demuxer-webm: 4f35f7cbe854078d1ac9338744f61a02 -> 
  custom:container-muxer-webm: aa71ff27fc2769a1b78a27578f13a17b -> 
  custom:video-decoder-webm-vp8: 9c59270c3fd7afecdb556c50c9e8de78 -> 
  custom:SearchIndexIgnoredProperties: e643bd26f0fe6173181afceb89e7c659 -> 
  custom:AudioImporter_EditorPlatform: d09bf68614088b80899f8185d706f6e7 -> 
  custom:video-encoder-webm-vp8: eb34c28f22e8b96e1ab97ce403110664 -> 
  custom:audio-decoder-ogg-vorbis: bf7c407c2cedff20999df2af8eb42d56 -> 
  custom:audio-encoder-webm-vorbis: bf7c407c2cedff20999df2af8eb42d56 -> 
========================================================================
Received Import Request.
  Time since last request: 196783.574499 seconds.
  path: Assets/Fantasy Forest Environment Free Sample/Scenes/New Terrain.asset
  artifactKey: Guid(02bc0e2176f6a4e4ea3faf0c622664cf) Importer(815301076,1909f56bfc062723c751e8b465ee728b)
Start importing Assets/Fantasy Forest Environment Free Sample/Scenes/New Terrain.asset using Guid(02bc0e2176f6a4e4ea3faf0c622664cf) Importer(815301076,1909f56bfc062723c751e8b465ee728b) [PhysX] Initialized MultithreadedTaskDispatcher with 12 workers.
[PhysX] Initialized MultithreadedTaskDispatcher with 12 workers.
 -> (artifact id: '7fcc911d4f9da6f57ab6433a7a9a9d71') in 0.166626 seconds
Number of updated asset objects reloaded before import = 0
Number of asset objects unloaded after import = 39
========================================================================
Received Import Request.
  Time since last request: 305.054118 seconds.
  path: Assets/Fantasy Forest Environment Free Sample/Textures/NewBrush.brush
  artifactKey: Guid(3ba24a0a1e8f91a499b29d6e1bde4774) Importer(815301076,1909f56bfc062723c751e8b465ee728b)
Start importing Assets/Fantasy Forest Environment Free Sample/Textures/NewBrush.brush using Guid(3ba24a0a1e8f91a499b29d6e1bde4774) Importer(815301076,1909f56bfc062723c751e8b465ee728b) [PhysX] Initialized MultithreadedTaskDispatcher with 12 workers.
 -> (artifact id: '3d6a4914395f90fc20c5171c75cb2106') in 0.074766 seconds
Number of updated asset objects reloaded before import = 0
Number of asset objects unloaded after import = 2
========================================================================
Received Import Request.
  Time since last request: 607.752102 seconds.
  path: Assets/Fantasy Forest Environment Free Sample/Meshes/Prefabs/grass01.prefab
  artifactKey: Guid(b48086d9f175aa34b947a21c8056c3d2) Importer(815301076,1909f56bfc062723c751e8b465ee728b)
Start importing Assets/Fantasy Forest Environment Free Sample/Meshes/Prefabs/grass01.prefab using Guid(b48086d9f175aa34b947a21c8056c3d2) Importer(815301076,1909f56bfc062723c751e8b465ee728b) [PhysX] Initialized MultithreadedTaskDispatcher with 12 workers.
[PhysX] Initialized MultithreadedTaskDispatcher with 12 workers.
 -> (artifact id: '9c13d0a8e9db49d7b213a0e32b84994c') in 0.338841 seconds
Number of updated asset objects reloaded before import = 0
Number of asset objects unloaded after import = 9
========================================================================
Received Import Request.
  Time since last request: 20.652877 seconds.
  path: Assets/Fantasy Forest Environment Free Sample/Meshes/Source/grass01.FBX
  artifactKey: Guid(4de33cfabd2a0a64caa7f20596f00adf) Importer(815301076,1909f56bfc062723c751e8b465ee728b)
Start importing Assets/Fantasy Forest Environment Free Sample/Meshes/Source/grass01.FBX using Guid(4de33cfabd2a0a64caa7f20596f00adf) Importer(815301076,1909f56bfc062723c751e8b465ee728b) [PhysX] Initialized MultithreadedTaskDispatcher with 12 workers.
[PhysX] Initialized MultithreadedTaskDispatcher with 12 workers.
[PhysX] Initialized MultithreadedTaskDispatcher with 12 workers.
 -> (artifact id: '0e1da006ccdcce6162e8131c01d3e2df') in 0.089777 seconds
Number of updated asset objects reloaded before import = 0
Number of asset objects unloaded after import = 9
========================================================================
Received Import Request.
  Time since last request: 477.935206 seconds.
  path: Assets/RPG Tiny Hero Duo/Animator/AnimLayer.mask
  artifactKey: Guid(acaf52b69aaad2042b776ec016c26e0e) Importer(815301076,1909f56bfc062723c751e8b465ee728b)
Start importing Assets/RPG Tiny Hero Duo/Animator/AnimLayer.mask using Guid(acaf52b69aaad2042b776ec016c26e0e) Importer(815301076,1909f56bfc062723c751e8b465ee728b) [PhysX] Initialized MultithreadedTaskDispatcher with 12 workers.
 -> (artifact id: 'df998cda85f4fe640c8bde00ce8a0e27') in 0.002627 seconds
Number of updated asset objects reloaded before import = 0
Number of asset objects unloaded after import = 1
========================================================================
Received Import Request.
  Time since last request: 1.085707 seconds.
  path: Assets/RPG Tiny Hero Duo/Material/PBR_Default.mat
  artifactKey: Guid(f323cced30244554986ee5e9f5dd8b67) Importer(815301076,1909f56bfc062723c751e8b465ee728b)
Start importing Assets/RPG Tiny Hero Duo/Material/PBR_Default.mat using Guid(f323cced30244554986ee5e9f5dd8b67) Importer(815301076,1909f56bfc062723c751e8b465ee728b) [PhysX] Initialized MultithreadedTaskDispatcher with 12 workers.
[PhysX] Initialized MultithreadedTaskDispatcher with 12 workers.
 -> (artifact id: '8120b18111fbfd0dd852b44d6d1a2401') in 0.253377 seconds
Number of updated asset objects reloaded before import = 0
Number of asset objects unloaded after import = 4
========================================================================
Received Import Request.
  Time since last request: 0.653542 seconds.
  path: Assets/RPG Tiny Hero Duo/Mesh/ModularCharacterPBR.fbx
  artifactKey: Guid(34b0895dfc863f742aa5075a4e691859) Importer(815301076,1909f56bfc062723c751e8b465ee728b)
Start importing Assets/RPG Tiny Hero Duo/Mesh/ModularCharacterPBR.fbx using Guid(34b0895dfc863f742aa5075a4e691859) Importer(815301076,1909f56bfc062723c751e8b465ee728b) [PhysX] Initialized MultithreadedTaskDispatcher with 12 workers.
[PhysX] Initialized MultithreadedTaskDispatcher with 12 workers.
[PhysX] Initialized MultithreadedTaskDispatcher with 12 workers.
[PhysX] Initialized MultithreadedTaskDispatcher with 12 workers.
[PhysX] Initialized MultithreadedTaskDispatcher with 12 workers.
[PhysX] Initialized MultithreadedTaskDispatcher with 12 workers.
[PhysX] Initialized MultithreadedTaskDispatcher with 12 workers.
[PhysX] Initialized MultithreadedTaskDispatcher with 12 workers.
[PhysX] Initialized MultithreadedTaskDispatcher with 12 workers.
[PhysX] Initialized MultithreadedTaskDispatcher with 12 workers.
[PhysX] Initialized MultithreadedTaskDispatcher with 12 workers.
[PhysX] Initialized MultithreadedTaskDispatcher with 12 workers.
[PhysX] Initialized MultithreadedTaskDispatcher with 12 workers.
[PhysX] Initialized MultithreadedTaskDispatcher with 12 workers.
[PhysX] Initialized MultithreadedTaskDispatcher with 12 workers.
[PhysX] Initialized MultithreadedTaskDispatcher with 12 workers.
[PhysX] Initialized MultithreadedTaskDispatcher with 12 workers.
[PhysX] Initialized MultithreadedTaskDispatcher with 12 workers.
[PhysX] Initialized MultithreadedTaskDispatcher with 12 workers.
 -> (artifact id: '24b93d5a47d8cf1dd33f0083dd490f34') in 0.211858 seconds
Number of updated asset objects reloaded before import = 0
Number of asset objects unloaded after import = 146
========================================================================
Received Import Request.
  Time since last request: 0.000043 seconds.
  path: Assets/RPG Tiny Hero Duo/Mesh/OHS03Polyart.fbx
  artifactKey: Guid(3164d361d8955d14c996186ce47ba3bf) Importer(815301076,1909f56bfc062723c751e8b465ee728b)
Start importing Assets/RPG Tiny Hero Duo/Mesh/OHS03Polyart.fbx using Guid(3164d361d8955d14c996186ce47ba3bf) Importer(815301076,1909f56bfc062723c751e8b465ee728b) [PhysX] Initialized MultithreadedTaskDispatcher with 12 workers.
[PhysX] Initialized MultithreadedTaskDispatcher with 12 workers.
[PhysX] Initialized MultithreadedTaskDispatcher with 12 workers.
 -> (artifact id: '540b7c2fc2569742251ae123097fe6ba') in 0.029516 seconds
Number of updated asset objects reloaded before import = 0
Number of asset objects unloaded after import = 7
========================================================================
Received Import Request.
  Time since last request: 0.000048 seconds.
  path: Assets/RPG Tiny Hero Duo/Mesh/OHS06PBR.fbx
  artifactKey: Guid(8e583e9185af1be4e9dd6f501e6fe7d4) Importer(815301076,1909f56bfc062723c751e8b465ee728b)
Start importing Assets/RPG Tiny Hero Duo/Mesh/OHS06PBR.fbx using Guid(8e583e9185af1be4e9dd6f501e6fe7d4) Importer(815301076,1909f56bfc062723c751e8b465ee728b) [PhysX] Initialized MultithreadedTaskDispatcher with 12 workers.
[PhysX] Initialized MultithreadedTaskDispatcher with 12 workers.
[PhysX] Initialized MultithreadedTaskDispatcher with 12 workers.
[PhysX] Initialized MultithreadedTaskDispatcher with 12 workers.
 -> (artifact id: '95b9c35f0ba39ed1328a87429551fc10') in 0.031515 seconds
Number of updated asset objects reloaded before import = 0
Number of asset objects unloaded after import = 8
========================================================================
Received Import Request.
  Time since last request: 0.000025 seconds.
  path: Assets/RPG Tiny Hero Duo/Mesh/Shield08Polyart.fbx
  artifactKey: Guid(c987a0ed5f8902041b988ba78a977080) Importer(815301076,1909f56bfc062723c751e8b465ee728b)
Start importing Assets/RPG Tiny Hero Duo/Mesh/Shield08Polyart.fbx using Guid(c987a0ed5f8902041b988ba78a977080) Importer(815301076,1909f56bfc062723c751e8b465ee728b) [PhysX] Initialized MultithreadedTaskDispatcher with 12 workers.
[PhysX] Initialized MultithreadedTaskDispatcher with 12 workers.
[PhysX] Initialized MultithreadedTaskDispatcher with 12 workers.
 -> (artifact id: '337402ebb8ba3b239755afac60a8fcb0') in 0.024601 seconds
Number of updated asset objects reloaded before import = 0
Number of asset objects unloaded after import = 7
========================================================================
Received Import Request.
  Time since last request: 0.000032 seconds.
  path: Assets/RPG Tiny Hero Duo/Mesh/Shield05PBR.fbx
  artifactKey: Guid(99054bc45d8ad7442b1e413b0e260ca7) Importer(815301076,1909f56bfc062723c751e8b465ee728b)
Start importing Assets/RPG Tiny Hero Duo/Mesh/Shield05PBR.fbx using Guid(99054bc45d8ad7442b1e413b0e260ca7) Importer(815301076,1909f56bfc062723c751e8b465ee728b) [PhysX] Initialized MultithreadedTaskDispatcher with 12 workers.
[PhysX] Initialized MultithreadedTaskDispatcher with 12 workers.
[PhysX] Initialized MultithreadedTaskDispatcher with 12 workers.
[PhysX] Initialized MultithreadedTaskDispatcher with 12 workers.
 -> (artifact id: '338ba03aefb6554b71901aa3940fdcae') in 0.041080 seconds
Number of updated asset objects reloaded before import = 0
Number of asset objects unloaded after import = 8
========================================================================
Received Import Request.
  Time since last request: 0.000072 seconds.
  path: Assets/RPG Tiny Hero Duo/Mesh/OHS03PBR.fbx
  artifactKey: Guid(de392f919a34e4e4c94a6e77ef08a22d) Importer(815301076,1909f56bfc062723c751e8b465ee728b)
Start importing Assets/RPG Tiny Hero Duo/Mesh/OHS03PBR.fbx using Guid(de392f919a34e4e4c94a6e77ef08a22d) Importer(815301076,1909f56bfc062723c751e8b465ee728b) [PhysX] Initialized MultithreadedTaskDispatcher with 12 workers.
[PhysX] Initialized MultithreadedTaskDispatcher with 12 workers.
[PhysX] Initialized MultithreadedTaskDispatcher with 12 workers.
 -> (artifact id: '12955ffd0ad3911d9f63a58aeefa5f7b') in 0.036442 seconds
Number of updated asset objects reloaded before import = 0
Number of asset objects unloaded after import = 7
========================================================================
Received Import Request.
  Time since last request: 0.393796 seconds.
  path: Assets/RPG Tiny Hero Duo/Prefab/FemaleCharacterPBR.prefab
  artifactKey: Guid(cc91c8ba8b9a34f4d99e70d721f60b64) Importer(815301076,1909f56bfc062723c751e8b465ee728b)
Start importing Assets/RPG Tiny Hero Duo/Prefab/FemaleCharacterPBR.prefab using Guid(cc91c8ba8b9a34f4d99e70d721f60b64) Importer(815301076,1909f56bfc062723c751e8b465ee728b) [PhysX] Initialized MultithreadedTaskDispatcher with 12 workers.
[PhysX] Initialized MultithreadedTaskDispatcher with 12 workers.
 -> (artifact id: 'a4d443269a4eac946d40f97ed89d6d13') in 0.069692 seconds
Number of updated asset objects reloaded before import = 0
Number of asset objects unloaded after import = 250
========================================================================
Received Import Request.
  Time since last request: 0.000051 seconds.
  path: Assets/RPG Tiny Hero Duo/Prefab/Shield08PBR.prefab
  artifactKey: Guid(573036acf9f1e0c42845dddc25cea245) Importer(815301076,1909f56bfc062723c751e8b465ee728b)
Start importing Assets/RPG Tiny Hero Duo/Prefab/Shield08PBR.prefab using Guid(573036acf9f1e0c42845dddc25cea245) Importer(815301076,1909f56bfc062723c751e8b465ee728b) [PhysX] Initialized MultithreadedTaskDispatcher with 12 workers.
[PhysX] Initialized MultithreadedTaskDispatcher with 12 workers.
 -> (artifact id: '97fa5662bb397d17d0b0925ced07ef6f') in 0.028398 seconds
Number of updated asset objects reloaded before import = 0
Number of asset objects unloaded after import = 11
========================================================================
Received Import Request.
  Time since last request: 0.000049 seconds.
  path: Assets/RPG Tiny Hero Duo/Prefab/Shield05Polyart.prefab
  artifactKey: Guid(f06068434cc02c941bd2b282c8d154ef) Importer(815301076,1909f56bfc062723c751e8b465ee728b)
Start importing Assets/RPG Tiny Hero Duo/Prefab/Shield05Polyart.prefab using Guid(f06068434cc02c941bd2b282c8d154ef) Importer(815301076,1909f56bfc062723c751e8b465ee728b) [PhysX] Initialized MultithreadedTaskDispatcher with 12 workers.
[PhysX] Initialized MultithreadedTaskDispatcher with 12 workers.
 -> (artifact id: '10f2c1d5ed611b2df7dc823a60b159a4') in 0.025468 seconds
Number of updated asset objects reloaded before import = 0
Number of asset objects unloaded after import = 10
========================================================================
Received Import Request.
  Time since last request: 0.000048 seconds.
  path: Assets/RPG Tiny Hero Duo/Prefab/OHS03Polyart.prefab
  artifactKey: Guid(f0aae4c8b38e02e48a4124483b105340) Importer(815301076,1909f56bfc062723c751e8b465ee728b)
Start importing Assets/RPG Tiny Hero Duo/Prefab/OHS03Polyart.prefab using Guid(f0aae4c8b38e02e48a4124483b105340) Importer(815301076,1909f56bfc062723c751e8b465ee728b) [PhysX] Initialized MultithreadedTaskDispatcher with 12 workers.
[PhysX] Initialized MultithreadedTaskDispatcher with 12 workers.
 -> (artifact id: '92d9cec7638cce714b9672e467afc16a') in 0.025475 seconds
Number of updated asset objects reloaded before import = 0
Number of asset objects unloaded after import = 10
========================================================================
Received Import Request.
  Time since last request: 0.000048 seconds.
  path: Assets/RPG Tiny Hero Duo/Prefab/OHS06Polyart.prefab
  artifactKey: Guid(a611871aa4f987941bf934736c0ee6d7) Importer(815301076,1909f56bfc062723c751e8b465ee728b)
Start importing Assets/RPG Tiny Hero Duo/Prefab/OHS06Polyart.prefab using Guid(a611871aa4f987941bf934736c0ee6d7) Importer(815301076,1909f56bfc062723c751e8b465ee728b) [PhysX] Initialized MultithreadedTaskDispatcher with 12 workers.
[PhysX] Initialized MultithreadedTaskDispatcher with 12 workers.
 -> (artifact id: '0f7b4d4e4e766090178203c02230791c') in 0.027844 seconds
Number of updated asset objects reloaded before import = 0
Number of asset objects unloaded after import = 10
========================================================================
Received Import Request.
  Time since last request: 0.000043 seconds.
  path: Assets/RPG Tiny Hero Duo/Prefab/Shield08Polyart.prefab
  artifactKey: Guid(f86f26a978127384b85b71f1235c8ef2) Importer(815301076,1909f56bfc062723c751e8b465ee728b)
Start importing Assets/RPG Tiny Hero Duo/Prefab/Shield08Polyart.prefab using Guid(f86f26a978127384b85b71f1235c8ef2) Importer(815301076,1909f56bfc062723c751e8b465ee728b) [PhysX] Initialized MultithreadedTaskDispatcher with 12 workers.
[PhysX] Initialized MultithreadedTaskDispatcher with 12 workers.
 -> (artifact id: 'cee4dd287df4ebee14c8a254e2be0a7d') in 0.022247 seconds
Number of updated asset objects reloaded before import = 0
Number of asset objects unloaded after import = 10
========================================================================
Received Import Request.
  Time since last request: 0.000036 seconds.
  path: Assets/RPG Tiny Hero Duo/Prefab/Shield05PBR.prefab
  artifactKey: Guid(ac86f8ddca59acb4184d3eb42067bafa) Importer(815301076,1909f56bfc062723c751e8b465ee728b)
Start importing Assets/RPG Tiny Hero Duo/Prefab/Shield05PBR.prefab using Guid(ac86f8ddca59acb4184d3eb42067bafa) Importer(815301076,1909f56bfc062723c751e8b465ee728b) [PhysX] Initialized MultithreadedTaskDispatcher with 12 workers.
[PhysX] Initialized MultithreadedTaskDispatcher with 12 workers.
 -> (artifact id: '19473cd031a445d0ab6b9d52f10b2c6f') in 0.024063 seconds
Number of updated asset objects reloaded before import = 0
Number of asset objects unloaded after import = 11
========================================================================
Received Import Request.
  Time since last request: 0.000035 seconds.
  path: Assets/RPG Tiny Hero Duo/Prefab/MaleCharacterPBR.prefab
  artifactKey: Guid(2dfbb63c9cdf7504faf4ff26b0581598) Importer(815301076,1909f56bfc062723c751e8b465ee728b)
Start importing Assets/RPG Tiny Hero Duo/Prefab/MaleCharacterPBR.prefab using Guid(2dfbb63c9cdf7504faf4ff26b0581598) Importer(815301076,1909f56bfc062723c751e8b465ee728b) [PhysX] Initialized MultithreadedTaskDispatcher with 12 workers.
[PhysX] Initialized MultithreadedTaskDispatcher with 12 workers.
 -> (artifact id: 'a5eef564b7da208b92f2dd2a3bdcffe8') in 0.054673 seconds
Number of updated asset objects reloaded before import = 0
Number of asset objects unloaded after import = 250
========================================================================
Received Import Request.
  Time since last request: 0.000042 seconds.
  path: Assets/RPG Tiny Hero Duo/Prefab/OHS03PBR.prefab
  artifactKey: Guid(9fbe61d1f4bc091439f25f985dd189a5) Importer(815301076,1909f56bfc062723c751e8b465ee728b)
Start importing Assets/RPG Tiny Hero Duo/Prefab/OHS03PBR.prefab using Guid(9fbe61d1f4bc091439f25f985dd189a5) Importer(815301076,1909f56bfc062723c751e8b465ee728b) [PhysX] Initialized MultithreadedTaskDispatcher with 12 workers.
[PhysX] Initialized MultithreadedTaskDispatcher with 12 workers.
 -> (artifact id: '64ad98d69213c935f83eac6de07a274b') in 0.030652 seconds
Number of updated asset objects reloaded before import = 0
Number of asset objects unloaded after import = 11
========================================================================
Received Prepare
Caller must complete domain reload
Begin MonoManager ReloadAssembly
- Loaded All Assemblies, in  0.670 seconds
Native extension for WindowsStandalone target not found
[Package Manager] Server::EnsureServerProcessIsRunning -- launch failed, reason: Unity was launched with the -noUpm command-line argument
[Package Manager] UpmClient::Send -- Unable to send message (not connected to UPM process).
[Package Manager] Cannot connect to Unity Package Manager local server
Mono: successfully reloaded assembly
- Finished resetting the current domain, in  1.431 seconds
Domain Reload Profiling: 2100ms
	BeginReloadAssembly (249ms)
		ExecutionOrderSort (0ms)
		DisableScriptedObjects (6ms)
		BackupInstance (0ms)
		ReleaseScriptingObjects (0ms)
		CreateAndSetChildDomain (75ms)
	RebuildCommonClasses (59ms)
	RebuildNativeTypeToScriptingClass (20ms)
	initialDomainReloadingComplete (43ms)
	LoadAllAssembliesAndSetupDomain (297ms)
		LoadAssemblies (403ms)
		RebuildTransferFunctionScriptingTraits (0ms)
		AnalyzeDomain (22ms)
			TypeCache.Refresh (8ms)
				TypeCache.ScanAssembly (0ms)
			ScanForSourceGeneratedMonoScriptInfo (0ms)
			ResolveRequiredComponents (12ms)
	FinalizeReload (1432ms)
		ReleaseScriptCaches (0ms)
		RebuildScriptCaches (0ms)
		SetupLoadedEditorAssemblies (720ms)
			LogAssemblyErrors (0ms)
			InitializePlatformSupportModulesInManaged (7ms)
			SetLoadedEditorAssemblies (9ms)
			RefreshPlugins (0ms)
			BeforeProcessingInitializeOnLoad (99ms)
			ProcessInitializeOnLoadAttributes (560ms)
			ProcessInitializeOnLoadMethodAttributes (41ms)
			AfterProcessingInitializeOnLoad (4ms)
			EditorAssembliesLoaded (0ms)
		ExecutionOrderSort2 (0ms)
		AwakeInstancesAfterBackupRestoration (15ms)
Refreshing native plugins compatible for Editor in 4.04 ms, found 3 plugins.
Preloading 0 native plugins for Editor in 0.00 ms.
Unloading 3081 Unused Serialized files (Serialized files now loaded: 0)
Unloading 13 unused Assets / (27.6 KB). Loaded Objects now: 3632.
Memory consumption went from 134.6 MB to 134.6 MB.
Total: 4.993700 ms (FindLiveObjects: 0.348000 ms CreateObjectMapping: 0.135700 ms MarkObjects: 4.455700 ms  DeleteObjects: 0.052800 ms)

Prepare: number of updated asset objects reloaded= 0
AssetImportParameters requested are different than current active one (requested -> active):
  custom:container-demuxer-ogg: 62fdf1f143b41e24485cea50d1cbac27 -> 
  custom:scripting/monoscript/fileName/FlyCameraControl.cs: 4e471f15041c319d655a6d08ea5e838e -> 
  custom:video-decoder-ogg-theora: a1e56fd34408186e4bbccfd4996cb3dc -> 
  custom:scripting/monoscript/fileName/CameraControl.cs: a4cd4ff695b106fa1726a14958b88adf -> 
  custom:framework-win-MediaFoundation: 216162199b28c13a410421893ffa2e32 -> 
  custom:CustomObjectIndexerAttribute: 9a22284fe3817be447336de3de66b15e -> 
  custom:container-demuxer-webm: 4f35f7cbe854078d1ac9338744f61a02 -> 
  custom:container-muxer-webm: aa71ff27fc2769a1b78a27578f13a17b -> 
  custom:video-decoder-webm-vp8: 9c59270c3fd7afecdb556c50c9e8de78 -> 
  custom:SearchIndexIgnoredProperties: e643bd26f0fe6173181afceb89e7c659 -> 
  custom:AudioImporter_EditorPlatform: d09bf68614088b80899f8185d706f6e7 -> 
  custom:video-encoder-webm-vp8: eb34c28f22e8b96e1ab97ce403110664 -> 
  custom:audio-decoder-ogg-vorbis: bf7c407c2cedff20999df2af8eb42d56 -> 
  custom:audio-encoder-webm-vorbis: bf7c407c2cedff20999df2af8eb42d56 -> 
========================================================================
Received Import Request.
  Time since last request: 200.173222 seconds.
  path: Assets/New Terrain 1.asset
  artifactKey: Guid(2abe116947590054898b4813f7c044cd) Importer(815301076,1909f56bfc062723c751e8b465ee728b)
Start importing Assets/New Terrain 1.asset using Guid(2abe116947590054898b4813f7c044cd) Importer(815301076,1909f56bfc062723c751e8b465ee728b) [PhysX] Initialized MultithreadedTaskDispatcher with 12 workers.
[PhysX] Initialized MultithreadedTaskDispatcher with 12 workers.
 -> (artifact id: '5c674e2c519574e9ddc4e5c7c9b4f008') in 0.142758 seconds
Number of updated asset objects reloaded before import = 0
Number of asset objects unloaded after import = 3
========================================================================
Received Import Request.
  Time since last request: 9.569890 seconds.
  path: Assets
  artifactKey: Guid(00000000000000001000000000000000) Importer(815301076,1909f56bfc062723c751e8b465ee728b)
Start importing Assets using Guid(00000000000000001000000000000000) Importer(815301076,1909f56bfc062723c751e8b465ee728b) [PhysX] Initialized MultithreadedTaskDispatcher with 12 workers.
 -> (artifact id: 'ae5280ad91af67e2a353905758f96678') in 0.001215 seconds
Number of updated asset objects reloaded before import = 0
Number of asset objects unloaded after import = 0
========================================================================
Received Import Request.
  Time since last request: 18.770564 seconds.
  path: Assets/RPG Tiny Hero Duo/Scene/PBRScene.unity
  artifactKey: Guid(732defcb56c220a478eeb579c600da34) Importer(815301076,1909f56bfc062723c751e8b465ee728b)
Start importing Assets/RPG Tiny Hero Duo/Scene/PBRScene.unity using Guid(732defcb56c220a478eeb579c600da34) Importer(815301076,1909f56bfc062723c751e8b465ee728b) [PhysX] Initialized MultithreadedTaskDispatcher with 12 workers.
 -> (artifact id: '0b312345897baf91a4890102a4ac9bc4') in 0.000661 seconds
Number of updated asset objects reloaded before import = 0
Number of asset objects unloaded after import = 0
========================================================================
Received Import Request.
  Time since last request: 1.058742 seconds.
  path: Assets/RPG Tiny Hero Duo/Scene/AnimationLayer.unity
  artifactKey: Guid(dd5c2fce3c5586940a67d594979ccdee) Importer(815301076,1909f56bfc062723c751e8b465ee728b)
Start importing Assets/RPG Tiny Hero Duo/Scene/AnimationLayer.unity using Guid(dd5c2fce3c5586940a67d594979ccdee) Importer(815301076,1909f56bfc062723c751e8b465ee728b) [PhysX] Initialized MultithreadedTaskDispatcher with 12 workers.
 -> (artifact id: '4abaf0fae66bdb49636e3a6bf95363e2') in 0.000862 seconds
Number of updated asset objects reloaded before import = 0
Number of asset objects unloaded after import = 0
========================================================================
Received Import Request.
  Time since last request: 0.668746 seconds.
  path: Assets/RPG Tiny Hero Duo/Scene/PolyartScene.unity
  artifactKey: Guid(f08cd05d33382c649a328c6e57dc3ec8) Importer(815301076,1909f56bfc062723c751e8b465ee728b)
Start importing Assets/RPG Tiny Hero Duo/Scene/PolyartScene.unity using Guid(f08cd05d33382c649a328c6e57dc3ec8) Importer(815301076,1909f56bfc062723c751e8b465ee728b) [PhysX] Initialized MultithreadedTaskDispatcher with 12 workers.
 -> (artifact id: '92cc471738c7666667ccc02d6b2a81f6') in 0.000727 seconds
Number of updated asset objects reloaded before import = 0
Number of asset objects unloaded after import = 0
========================================================================
Received Import Request.
  Time since last request: 19.129352 seconds.
  path: Assets/Scripts
  artifactKey: Guid(f588c05e90f933442ae8008eb55b8519) Importer(815301076,1909f56bfc062723c751e8b465ee728b)
Start importing Assets/Scripts using Guid(f588c05e90f933442ae8008eb55b8519) Importer(815301076,1909f56bfc062723c751e8b465ee728b) [PhysX] Initialized MultithreadedTaskDispatcher with 12 workers.
 -> (artifact id: '1b7440fa6330950dba0160ad03ccd6b0') in 0.000987 seconds
Number of updated asset objects reloaded before import = 0
Number of asset objects unloaded after import = 0
========================================================================
Received Import Request.
  Time since last request: 5.662235 seconds.
  path: Assets/Scripts/Player
  artifactKey: Guid(4bdc5f067d5ee9c41a4aaa21b3782ae5) Importer(815301076,1909f56bfc062723c751e8b465ee728b)
Start importing Assets/Scripts/Player using Guid(4bdc5f067d5ee9c41a4aaa21b3782ae5) Importer(815301076,1909f56bfc062723c751e8b465ee728b) [PhysX] Initialized MultithreadedTaskDispatcher with 12 workers.
 -> (artifact id: '587e76deff1fcceec14cbc26c524c893') in 0.000776 seconds
Number of updated asset objects reloaded before import = 0
Number of asset objects unloaded after import = 0
========================================================================
Received Import Request.
  Time since last request: 17.198756 seconds.
  path: Assets/Scripts/Player.cs
  artifactKey: Guid(7108d36f7f5a9004b82e039fb6141a0a) Importer(815301076,1909f56bfc062723c751e8b465ee728b)
Start importing Assets/Scripts/Player.cs using Guid(7108d36f7f5a9004b82e039fb6141a0a) Importer(815301076,1909f56bfc062723c751e8b465ee728b) [PhysX] Initialized MultithreadedTaskDispatcher with 12 workers.
 -> (artifact id: '95be6ef8e11e6bcba9c8b79aeb68c7f9') in 0.000792 seconds
Number of updated asset objects reloaded before import = 0
Number of asset objects unloaded after import = 0
========================================================================
Received Prepare
Caller must complete domain reload
Begin MonoManager ReloadAssembly
- Loaded All Assemblies, in  0.686 seconds
Native extension for WindowsStandalone target not found
[Package Manager] Server::EnsureServerProcessIsRunning -- launch failed, reason: Unity was launched with the -noUpm command-line argument
[Package Manager] UpmClient::Send -- Unable to send message (not connected to UPM process).
[Package Manager] Cannot connect to Unity Package Manager local server
Mono: successfully reloaded assembly
- Finished resetting the current domain, in  1.381 seconds
Domain Reload Profiling: 2068ms
	BeginReloadAssembly (230ms)
		ExecutionOrderSort (0ms)
		DisableScriptedObjects (8ms)
		BackupInstance (0ms)
		ReleaseScriptingObjects (0ms)
		CreateAndSetChildDomain (46ms)
	RebuildCommonClasses (55ms)
	RebuildNativeTypeToScriptingClass (25ms)
	initialDomainReloadingComplete (38ms)
	LoadAllAssembliesAndSetupDomain (338ms)
		LoadAssemblies (427ms)
		RebuildTransferFunctionScriptingTraits (0ms)
		AnalyzeDomain (36ms)
			TypeCache.Refresh (10ms)
				TypeCache.ScanAssembly (0ms)
			ScanForSourceGeneratedMonoScriptInfo (14ms)
			ResolveRequiredComponents (10ms)
	FinalizeReload (1382ms)
		ReleaseScriptCaches (0ms)
		RebuildScriptCaches (0ms)
		SetupLoadedEditorAssemblies (703ms)
			LogAssemblyErrors (0ms)
			InitializePlatformSupportModulesInManaged (13ms)
			SetLoadedEditorAssemblies (9ms)
			RefreshPlugins (0ms)
			BeforeProcessingInitializeOnLoad (98ms)
			ProcessInitializeOnLoadAttributes (545ms)
			ProcessInitializeOnLoadMethodAttributes (35ms)
			AfterProcessingInitializeOnLoad (3ms)
			EditorAssembliesLoaded (0ms)
		ExecutionOrderSort2 (0ms)
		AwakeInstancesAfterBackupRestoration (13ms)
Refreshing native plugins compatible for Editor in 3.67 ms, found 3 plugins.
Preloading 0 native plugins for Editor in 0.00 ms.
Unloading 3082 Unused Serialized files (Serialized files now loaded: 0)
Unloading 13 unused Assets / (27.6 KB). Loaded Objects now: 3636.
Memory consumption went from 134.7 MB to 134.7 MB.
Total: 5.236800 ms (FindLiveObjects: 0.385600 ms CreateObjectMapping: 0.186700 ms MarkObjects: 4.564500 ms  DeleteObjects: 0.097100 ms)

Prepare: number of updated asset objects reloaded= 0
AssetImportParameters requested are different than current active one (requested -> active):
  custom:container-demuxer-ogg: 62fdf1f143b41e24485cea50d1cbac27 -> 
  custom:scripting/monoscript/fileName/FlyCameraControl.cs: 4e471f15041c319d655a6d08ea5e838e -> 
  custom:video-decoder-ogg-theora: a1e56fd34408186e4bbccfd4996cb3dc -> 
  custom:scripting/monoscript/fileName/CameraControl.cs: a4cd4ff695b106fa1726a14958b88adf -> 
  custom:framework-win-MediaFoundation: 216162199b28c13a410421893ffa2e32 -> 
  custom:CustomObjectIndexerAttribute: 9a22284fe3817be447336de3de66b15e -> 
  custom:container-demuxer-webm: 4f35f7cbe854078d1ac9338744f61a02 -> 
  custom:container-muxer-webm: aa71ff27fc2769a1b78a27578f13a17b -> 
  custom:video-decoder-webm-vp8: 9c59270c3fd7afecdb556c50c9e8de78 -> 
  custom:SearchIndexIgnoredProperties: e643bd26f0fe6173181afceb89e7c659 -> 
  custom:AudioImporter_EditorPlatform: d09bf68614088b80899f8185d706f6e7 -> 
  custom:video-encoder-webm-vp8: eb34c28f22e8b96e1ab97ce403110664 -> 
  custom:audio-decoder-ogg-vorbis: bf7c407c2cedff20999df2af8eb42d56 -> 
  custom:scripting/monoscript/fileName/Player.cs: 007e2e63cbf915a2b71612a7f593548a -> 
  custom:audio-encoder-webm-vorbis: bf7c407c2cedff20999df2af8eb42d56 -> 
  custom:scripting/precompiled-assembly-types:Assembly-CSharp: fb846d4136b931862f6cbb4e1bce554b -> 
========================================================================
Received Import Request.
  Time since last request: 17.619205 seconds.
  path: Assets/Scripts/Player.cs
  artifactKey: Guid(7108d36f7f5a9004b82e039fb6141a0a) Importer(815301076,1909f56bfc062723c751e8b465ee728b)
Start importing Assets/Scripts/Player.cs using Guid(7108d36f7f5a9004b82e039fb6141a0a) Importer(815301076,1909f56bfc062723c751e8b465ee728b) [PhysX] Initialized MultithreadedTaskDispatcher with 12 workers.
 -> (artifact id: '2adb03a947ac54b5fec2ab4a3b75e85d') in 0.002683 seconds
Number of updated asset objects reloaded before import = 0
Number of asset objects unloaded after import = 0
========================================================================
Received Import Request.
  Time since last request: 37.520882 seconds.
  path: Assets/New Terrain 1.asset
  artifactKey: Guid(2abe116947590054898b4813f7c044cd) Importer(2089858483,0ecaa5967403d082aa24f35e1b516d23)
Start importing Assets/New Terrain 1.asset using Guid(2abe116947590054898b4813f7c044cd) Importer(2089858483,0ecaa5967403d082aa24f35e1b516d23) [PhysX] Initialized MultithreadedTaskDispatcher with 12 workers.
 -> (artifact id: 'df03432b0aff92d7c71fd4de8e451aa4') in 0.384743 seconds
Number of updated asset objects reloaded before import = 0
Number of asset objects unloaded after import = 2
========================================================================
Received Import Request.
  Time since last request: 0.000042 seconds.
  path: Assets/Fantasy Forest Environment Free Sample/Materials/grassmesh.mat
  artifactKey: Guid(0666ed421e3d1f146a986f726e7354c1) Importer(2089858483,0ecaa5967403d082aa24f35e1b516d23)
Start importing Assets/Fantasy Forest Environment Free Sample/Materials/grassmesh.mat using Guid(0666ed421e3d1f146a986f726e7354c1) Importer(2089858483,0ecaa5967403d082aa24f35e1b516d23) [PhysX] Initialized MultithreadedTaskDispatcher with 12 workers.
 -> (artifact id: '9ecc1667793065f5c01312fb4ce517bf') in 0.050570 seconds
Number of updated asset objects reloaded before import = 0
Number of asset objects unloaded after import = 2
========================================================================
Received Import Request.
  Time since last request: 0.000044 seconds.
  path: Assets/_TerrainAutoUpgrade/layer_dirt01b3407d0e55802f81.terrainlayer
  artifactKey: Guid(a84f588758b826f4586b499554f3463d) Importer(2089858483,0ecaa5967403d082aa24f35e1b516d23)
Start importing Assets/_TerrainAutoUpgrade/layer_dirt01b3407d0e55802f81.terrainlayer using Guid(a84f588758b826f4586b499554f3463d) Importer(2089858483,0ecaa5967403d082aa24f35e1b516d23) [PhysX] Initialized MultithreadedTaskDispatcher with 12 workers.
 -> (artifact id: '090e06b5687dc4cb412057e750caac95') in 0.031716 seconds
Number of updated asset objects reloaded before import = 0
Number of asset objects unloaded after import = 2
========================================================================
Received Import Request.
  Time since last request: 0.000036 seconds.
  path: Assets/Fantasy Forest Environment Free Sample/Meshes/Prefabs/grass01.prefab
  artifactKey: Guid(b48086d9f175aa34b947a21c8056c3d2) Importer(2089858483,0ecaa5967403d082aa24f35e1b516d23)
Start importing Assets/Fantasy Forest Environment Free Sample/Meshes/Prefabs/grass01.prefab using Guid(b48086d9f175aa34b947a21c8056c3d2) Importer(2089858483,0ecaa5967403d082aa24f35e1b516d23) [PhysX] Initialized MultithreadedTaskDispatcher with 12 workers.
 -> (artifact id: '38ed2b07cae945ee50baebb34f2bac2b') in 0.044547 seconds
Number of updated asset objects reloaded before import = 0
Number of asset objects unloaded after import = 7
========================================================================
Received Import Request.
  Time since last request: 0.000044 seconds.
  path: Assets/RPG Tiny Hero Duo/Animation/SwordAndShield/InPlace/MoveLFT_Battle_InPlace_SwordAndShield.fbx
  artifactKey: Guid(048a541568c52514c9996fea7b37d6e0) Importer(2089858483,0ecaa5967403d082aa24f35e1b516d23)
Start importing Assets/RPG Tiny Hero Duo/Animation/SwordAndShield/InPlace/MoveLFT_Battle_InPlace_SwordAndShield.fbx using Guid(048a541568c52514c9996fea7b37d6e0) Importer(2089858483,0ecaa5967403d082aa24f35e1b516d23) [PhysX] Initialized MultithreadedTaskDispatcher with 12 workers.
 -> (artifact id: 'ff8f5510f19d477c17282db19d955d95') in 0.087161 seconds
Number of updated asset objects reloaded before import = 0
Number of asset objects unloaded after import = 112
========================================================================
Received Import Request.
  Time since last request: 0.000033 seconds.
  path: Assets/RPG Tiny Hero Duo/Mesh/Stage.fbx
  artifactKey: Guid(0f138a164e7f81a4a9e93cf85a9020e9) Importer(2089858483,0ecaa5967403d082aa24f35e1b516d23)
Start importing Assets/RPG Tiny Hero Duo/Mesh/Stage.fbx using Guid(0f138a164e7f81a4a9e93cf85a9020e9) Importer(2089858483,0ecaa5967403d082aa24f35e1b516d23) [PhysX] Initialized MultithreadedTaskDispatcher with 12 workers.
 -> (artifact id: '0e3a7a4746a08e8d3b6c096401950b74') in 0.036650 seconds
Number of updated asset objects reloaded before import = 0
Number of asset objects unloaded after import = 7
========================================================================
Received Import Request.
  Time since last request: 0.000033 seconds.
  path: Assets/RPG Tiny Hero Duo/Scene/AnimationLayer.unity
  artifactKey: Guid(dd5c2fce3c5586940a67d594979ccdee) Importer(2089858483,0ecaa5967403d082aa24f35e1b516d23)
Start importing Assets/RPG Tiny Hero Duo/Scene/AnimationLayer.unity using Guid(dd5c2fce3c5586940a67d594979ccdee) Importer(2089858483,0ecaa5967403d082aa24f35e1b516d23) [PhysX] Initialized MultithreadedTaskDispatcher with 12 workers.
 -> (artifact id: '434375f4316972f05616f7633ac7efe7') in 0.015016 seconds
Number of updated asset objects reloaded before import = 0
Number of asset objects unloaded after import = 1
========================================================================
Received Import Request.
  Time since last request: 0.000031 seconds.
  path: Assets/RPG Tiny Hero Duo/Animation/SwordAndShield/Attack01_SwordAndShiled.fbx
  artifactKey: Guid(db509ad77f9b4f84a8eb1989f589b24c) Importer(2089858483,0ecaa5967403d082aa24f35e1b516d23)
Start importing Assets/RPG Tiny Hero Duo/Animation/SwordAndShield/Attack01_SwordAndShiled.fbx using Guid(db509ad77f9b4f84a8eb1989f589b24c) Importer(2089858483,0ecaa5967403d082aa24f35e1b516d23) [PhysX] Initialized MultithreadedTaskDispatcher with 12 workers.
 -> (artifact id: '8953b8512489ffc298811fdaa904bf6f') in 0.051708 seconds
Number of updated asset objects reloaded before import = 0
Number of asset objects unloaded after import = 112
========================================================================
Received Import Request.
  Time since last request: 0.000044 seconds.
  path: Assets/RPG Tiny Hero Duo/Animation/SwordAndShield/InPlace/MoveBWD_Battle_InPlace_SwordAndShield.fbx
  artifactKey: Guid(4897d9e1e93439744a78d1cebdef17ff) Importer(2089858483,0ecaa5967403d082aa24f35e1b516d23)
Start importing Assets/RPG Tiny Hero Duo/Animation/SwordAndShield/InPlace/MoveBWD_Battle_InPlace_SwordAndShield.fbx using Guid(4897d9e1e93439744a78d1cebdef17ff) Importer(2089858483,0ecaa5967403d082aa24f35e1b516d23) [PhysX] Initialized MultithreadedTaskDispatcher with 12 workers.
 -> (artifact id: '205e46822c3a8f38dcc6cb5101df28ed') in 0.051548 seconds
Number of updated asset objects reloaded before import = 0
Number of asset objects unloaded after import = 112
========================================================================
Received Import Request.
  Time since last request: 0.000036 seconds.
  path: Assets/RPG Tiny Hero Duo/Animation/SwordAndShield/InPlace/MoveFWD_Normal_InPlace_SwordAndShield.fbx
  artifactKey: Guid(0791e523b7f1b2740a3b1cde42b6aeac) Importer(2089858483,0ecaa5967403d082aa24f35e1b516d23)
Start importing Assets/RPG Tiny Hero Duo/Animation/SwordAndShield/InPlace/MoveFWD_Normal_InPlace_SwordAndShield.fbx using Guid(0791e523b7f1b2740a3b1cde42b6aeac) Importer(2089858483,0ecaa5967403d082aa24f35e1b516d23) [PhysX] Initialized MultithreadedTaskDispatcher with 12 workers.
 -> (artifact id: '97476a9d371d2d4a1916c0e906e6d8b9') in 0.062959 seconds
Number of updated asset objects reloaded before import = 0
Number of asset objects unloaded after import = 112
========================================================================
Received Import Request.
  Time since last request: 0.000053 seconds.
  path: Assets/Fantasy Forest Environment Free Sample/Meshes/Source/tree_1.fbx
  artifactKey: Guid(4735160b42a3154428094dff59ef0f4e) Importer(2089858483,0ecaa5967403d082aa24f35e1b516d23)
Start importing Assets/Fantasy Forest Environment Free Sample/Meshes/Source/tree_1.fbx using Guid(4735160b42a3154428094dff59ef0f4e) Importer(2089858483,0ecaa5967403d082aa24f35e1b516d23) [PhysX] Initialized MultithreadedTaskDispatcher with 12 workers.
 -> (artifact id: 'c297f8e6a2bcfcb8cfa7ff92efac7868') in 0.049353 seconds
Number of updated asset objects reloaded before import = 0
Number of asset objects unloaded after import = 20
========================================================================
Received Import Request.
  Time since last request: 0.000047 seconds.
  path: Assets/RPG Tiny Hero Duo/Prefab/OHS06PBR.prefab
  artifactKey: Guid(3617e4093ca8d5145986d37c89cfd692) Importer(2089858483,0ecaa5967403d082aa24f35e1b516d23)
Start importing Assets/RPG Tiny Hero Duo/Prefab/OHS06PBR.prefab using Guid(3617e4093ca8d5145986d37c89cfd692) Importer(2089858483,0ecaa5967403d082aa24f35e1b516d23) [PhysX] Initialized MultithreadedTaskDispatcher with 12 workers.
 -> (artifact id: 'e3ec1fde5ba0c719274411a9b8d84f31') in 0.021298 seconds
Number of updated asset objects reloaded before import = 0
Number of asset objects unloaded after import = 7
========================================================================
Received Import Request.
  Time since last request: 0.000048 seconds.
  path: Assets/RPG Tiny Hero Duo/Animation/SwordAndShield/GetHit01_SwordAndShield.fbx
  artifactKey: Guid(c98546b8d8d3ab046afc8acfe706361f) Importer(2089858483,0ecaa5967403d082aa24f35e1b516d23)
Start importing Assets/RPG Tiny Hero Duo/Animation/SwordAndShield/GetHit01_SwordAndShield.fbx using Guid(c98546b8d8d3ab046afc8acfe706361f) Importer(2089858483,0ecaa5967403d082aa24f35e1b516d23) [PhysX] Initialized MultithreadedTaskDispatcher with 12 workers.
 -> (artifact id: '6ec87d4d2dae284838a484ab2162da59') in 0.051099 seconds
Number of updated asset objects reloaded before import = 0
Number of asset objects unloaded after import = 112
========================================================================
Received Import Request.
  Time since last request: 0.000032 seconds.
  path: Assets/RPG Tiny Hero Duo/Animation/SwordAndShield/InPlace/JumpFull_Normal_InPlace_SwordAndShield.fbx
  artifactKey: Guid(41974026cbc6b884aa451c380d3c6dcb) Importer(2089858483,0ecaa5967403d082aa24f35e1b516d23)
Start importing Assets/RPG Tiny Hero Duo/Animation/SwordAndShield/InPlace/JumpFull_Normal_InPlace_SwordAndShield.fbx using Guid(41974026cbc6b884aa451c380d3c6dcb) Importer(2089858483,0ecaa5967403d082aa24f35e1b516d23) [PhysX] Initialized MultithreadedTaskDispatcher with 12 workers.
 -> (artifact id: 'ba8250daaf98fd0adda70537d793a8ce') in 0.047471 seconds
Number of updated asset objects reloaded before import = 0
Number of asset objects unloaded after import = 112
========================================================================
Received Import Request.
  Time since last request: 0.000041 seconds.
  path: Assets/RPG Tiny Hero Duo/Animation/SwordAndShield/LevelUp_Battle_SwordAndShield.fbx
  artifactKey: Guid(7125eebf1200f4b4ba2f105c37668d1d) Importer(2089858483,0ecaa5967403d082aa24f35e1b516d23)
Start importing Assets/RPG Tiny Hero Duo/Animation/SwordAndShield/LevelUp_Battle_SwordAndShield.fbx using Guid(7125eebf1200f4b4ba2f105c37668d1d) Importer(2089858483,0ecaa5967403d082aa24f35e1b516d23) [PhysX] Initialized MultithreadedTaskDispatcher with 12 workers.
 -> (artifact id: 'e14ed2b61ff1578bf3f01033534af9f7') in 0.052727 seconds
Number of updated asset objects reloaded before import = 0
Number of asset objects unloaded after import = 112
========================================================================
Received Import Request.
  Time since last request: 0.000052 seconds.
  path: Assets/RPG Tiny Hero Duo/Animation/SwordAndShield/RootMotion/SprintFWD_Battle_RM_SwordAndShield.fbx
  artifactKey: Guid(b40499a5812feac4aa7b77f7fbbac11f) Importer(2089858483,0ecaa5967403d082aa24f35e1b516d23)
Start importing Assets/RPG Tiny Hero Duo/Animation/SwordAndShield/RootMotion/SprintFWD_Battle_RM_SwordAndShield.fbx using Guid(b40499a5812feac4aa7b77f7fbbac11f) Importer(2089858483,0ecaa5967403d082aa24f35e1b516d23) [PhysX] Initialized MultithreadedTaskDispatcher with 12 workers.
 -> (artifact id: '7306ecacd71bc49136e9105fd0ea5b09') in 0.077950 seconds
Number of updated asset objects reloaded before import = 0
Number of asset objects unloaded after import = 112
========================================================================
Received Import Request.
  Time since last request: 0.000064 seconds.
  path: Assets/Fantasy Forest Environment Free Sample/PostProcessing Profile.asset
  artifactKey: Guid(84e004e54aa75074885db0856eedb697) Importer(2089858483,0ecaa5967403d082aa24f35e1b516d23)
Start importing Assets/Fantasy Forest Environment Free Sample/PostProcessing Profile.asset using Guid(84e004e54aa75074885db0856eedb697) Importer(2089858483,0ecaa5967403d082aa24f35e1b516d23) [PhysX] Initialized MultithreadedTaskDispatcher with 12 workers.
 -> (artifact id: 'fe7deec787381fdcd29edaa5b5f49a8b') in 0.014002 seconds
Number of updated asset objects reloaded before import = 0
Number of asset objects unloaded after import = 1
========================================================================
Received Import Request.
  Time since last request: 0.000053 seconds.
  path: Assets/Scripts/Player.cs
  artifactKey: Guid(7108d36f7f5a9004b82e039fb6141a0a) Importer(2089858483,0ecaa5967403d082aa24f35e1b516d23)
Start importing Assets/Scripts/Player.cs using Guid(7108d36f7f5a9004b82e039fb6141a0a) Importer(2089858483,0ecaa5967403d082aa24f35e1b516d23) [PhysX] Initialized MultithreadedTaskDispatcher with 12 workers.
 -> (artifact id: 'f5d01bd060037b9e39fea422b7486fb3') in 0.017977 seconds
Number of updated asset objects reloaded before import = 0
Number of asset objects unloaded after import = 1
========================================================================
Received Import Request.
  Time since last request: 0.000037 seconds.
  path: Assets/RPG Tiny Hero Duo/Prefab/MaleCharacterPBR.prefab
  artifactKey: Guid(2dfbb63c9cdf7504faf4ff26b0581598) Importer(2089858483,0ecaa5967403d082aa24f35e1b516d23)
Start importing Assets/RPG Tiny Hero Duo/Prefab/MaleCharacterPBR.prefab using Guid(2dfbb63c9cdf7504faf4ff26b0581598) Importer(2089858483,0ecaa5967403d082aa24f35e1b516d23) [PhysX] Initialized MultithreadedTaskDispatcher with 12 workers.
 -> (artifact id: 'bde9a99ca6185cd2ea94dbf35ea25136') in 0.058943 seconds
Number of updated asset objects reloaded before import = 0
Number of asset objects unloaded after import = 234
========================================================================
Received Import Request.
  Time since last request: 0.000040 seconds.
  path: Assets/RPG Tiny Hero Duo/Animation/SwordAndShield/Attack04_Spinning_SwordAndShield.fbx
  artifactKey: Guid(5729b70d60fdcac45bd03f32c0b8dbea) Importer(2089858483,0ecaa5967403d082aa24f35e1b516d23)
Start importing Assets/RPG Tiny Hero Duo/Animation/SwordAndShield/Attack04_Spinning_SwordAndShield.fbx using Guid(5729b70d60fdcac45bd03f32c0b8dbea) Importer(2089858483,0ecaa5967403d082aa24f35e1b516d23) [PhysX] Initialized MultithreadedTaskDispatcher with 12 workers.
 -> (artifact id: '741b160af36763be736d8e61b921da0f') in 0.071577 seconds
Number of updated asset objects reloaded before import = 0
Number of asset objects unloaded after import = 112
========================================================================
Received Import Request.
  Time since last request: 0.000059 seconds.
  path: Assets/RPG Tiny Hero Duo/Material/Polyart_Default.mat
  artifactKey: Guid(348eeda6cad5d86469a42deac7177e6f) Importer(2089858483,0ecaa5967403d082aa24f35e1b516d23)
Start importing Assets/RPG Tiny Hero Duo/Material/Polyart_Default.mat using Guid(348eeda6cad5d86469a42deac7177e6f) Importer(2089858483,0ecaa5967403d082aa24f35e1b516d23) [PhysX] Initialized MultithreadedTaskDispatcher with 12 workers.
 -> (artifact id: 'ac2c3c4b70fc96b5bc68cdc2bd0a2b27') in 0.076338 seconds
Number of updated asset objects reloaded before import = 0
Number of asset objects unloaded after import = 3
========================================================================
Received Import Request.
  Time since last request: 0.000040 seconds.
  path: Assets/RPG Tiny Hero Duo/Texture/Emission.png
  artifactKey: Guid(a0ee9d562ffda6346b2a681ad69d73e2) Importer(2089858483,0ecaa5967403d082aa24f35e1b516d23)
Start importing Assets/RPG Tiny Hero Duo/Texture/Emission.png using Guid(a0ee9d562ffda6346b2a681ad69d73e2) Importer(2089858483,0ecaa5967403d082aa24f35e1b516d23) [PhysX] Initialized MultithreadedTaskDispatcher with 12 workers.
 -> (artifact id: '48050cf6edb0668a590761a143184ec7') in 0.064629 seconds
Number of updated asset objects reloaded before import = 0
Number of asset objects unloaded after import = 1
========================================================================
Received Import Request.
  Time since last request: 0.000072 seconds.
  path: Assets/RPG Tiny Hero Duo/Animation/SwordAndShield/Idle_Battle_SwordAndShiled.fbx
  artifactKey: Guid(0308cf4e83cf517488b60af58b290fe0) Importer(2089858483,0ecaa5967403d082aa24f35e1b516d23)
Start importing Assets/RPG Tiny Hero Duo/Animation/SwordAndShield/Idle_Battle_SwordAndShiled.fbx using Guid(0308cf4e83cf517488b60af58b290fe0) Importer(2089858483,0ecaa5967403d082aa24f35e1b516d23) [PhysX] Initialized MultithreadedTaskDispatcher with 12 workers.
 -> (artifact id: '15a4f7be77e9fdfed291c96cece13591') in 0.056286 seconds
Number of updated asset objects reloaded before import = 0
Number of asset objects unloaded after import = 113
========================================================================
Received Import Request.
  Time since last request: 0.000042 seconds.
  path: Assets/RPG Tiny Hero Duo/Prefab/OHS03Polyart.prefab
  artifactKey: Guid(f0aae4c8b38e02e48a4124483b105340) Importer(2089858483,0ecaa5967403d082aa24f35e1b516d23)
Start importing Assets/RPG Tiny Hero Duo/Prefab/OHS03Polyart.prefab using Guid(f0aae4c8b38e02e48a4124483b105340) Importer(2089858483,0ecaa5967403d082aa24f35e1b516d23) [PhysX] Initialized MultithreadedTaskDispatcher with 12 workers.
 -> (artifact id: 'aa6e1ea8ae7f30cd3177a721cb553e3b') in 0.022636 seconds
Number of updated asset objects reloaded before import = 0
Number of asset objects unloaded after import = 7
========================================================================
Received Import Request.
  Time since last request: 0.000059 seconds.
  path: Assets/Fantasy Forest Environment Free Sample/Meshes/Prefabs/tree_1.prefab
  artifactKey: Guid(eded051879df4c147b9010199d240258) Importer(2089858483,0ecaa5967403d082aa24f35e1b516d23)
Start importing Assets/Fantasy Forest Environment Free Sample/Meshes/Prefabs/tree_1.prefab using Guid(eded051879df4c147b9010199d240258) Importer(2089858483,0ecaa5967403d082aa24f35e1b516d23) [PhysX] Initialized MultithreadedTaskDispatcher with 12 workers.
 -> (artifact id: '5b7df20006c3710b2ec879904f668426') in 0.025461 seconds
Number of updated asset objects reloaded before import = 0
Number of asset objects unloaded after import = 21
========================================================================
Received Import Request.
  Time since last request: 0.000033 seconds.
  path: Assets/RPG Tiny Hero Duo/Animation/SwordAndShield/InPlace/JumpAir_Spin_InPlace_SwordAndShield.fbx
  artifactKey: Guid(c025fa5a934bfbb40b2bf27c97c22b38) Importer(2089858483,0ecaa5967403d082aa24f35e1b516d23)
Start importing Assets/RPG Tiny Hero Duo/Animation/SwordAndShield/InPlace/JumpAir_Spin_InPlace_SwordAndShield.fbx using Guid(c025fa5a934bfbb40b2bf27c97c22b38) Importer(2089858483,0ecaa5967403d082aa24f35e1b516d23) [PhysX] Initialized MultithreadedTaskDispatcher with 12 workers.
 -> (artifact id: '51866bbb6ed1a7f52f97e2b2b10a0e55') in 0.053083 seconds
Number of updated asset objects reloaded before import = 0
Number of asset objects unloaded after import = 112
========================================================================
Received Import Request.
  Time since last request: 0.000030 seconds.
  path: Assets/RPG Tiny Hero Duo/Animation/SwordAndShield/RootMotion/MoveLFT_Battle_RM_SwordAndShield.fbx
  artifactKey: Guid(0451bbf0d5f172a40ac47fdb6d799f2f) Importer(2089858483,0ecaa5967403d082aa24f35e1b516d23)
Start importing Assets/RPG Tiny Hero Duo/Animation/SwordAndShield/RootMotion/MoveLFT_Battle_RM_SwordAndShield.fbx using Guid(0451bbf0d5f172a40ac47fdb6d799f2f) Importer(2089858483,0ecaa5967403d082aa24f35e1b516d23) [PhysX] Initialized MultithreadedTaskDispatcher with 12 workers.
 -> (artifact id: '34de3741e4dd5c4485a297f86aaa139c') in 0.053326 seconds
Number of updated asset objects reloaded before import = 0
Number of asset objects unloaded after import = 112
========================================================================
Received Import Request.
  Time since last request: 0.000031 seconds.
  path: Assets/Fantasy Forest Environment Free Sample/Scenes/assets.unity
  artifactKey: Guid(a143ab047b99a124ca579bc8e0366cd3) Importer(2089858483,0ecaa5967403d082aa24f35e1b516d23)
Start importing Assets/Fantasy Forest Environment Free Sample/Scenes/assets.unity using Guid(a143ab047b99a124ca579bc8e0366cd3) Importer(2089858483,0ecaa5967403d082aa24f35e1b516d23) [PhysX] Initialized MultithreadedTaskDispatcher with 12 workers.
 -> (artifact id: 'f5166b48f16dd4633f4c160303bfa6aa') in 0.015469 seconds
Number of updated asset objects reloaded before import = 0
Number of asset objects unloaded after import = 1
========================================================================
Received Import Request.
  Time since last request: 0.000089 seconds.
  path: Assets/RPG Tiny Hero Duo/Material/Skybox_Mat.mat
  artifactKey: Guid(353466c49cf019540bf2ac95815b7c1e) Importer(2089858483,0ecaa5967403d082aa24f35e1b516d23)
Start importing Assets/RPG Tiny Hero Duo/Material/Skybox_Mat.mat using Guid(353466c49cf019540bf2ac95815b7c1e) Importer(2089858483,0ecaa5967403d082aa24f35e1b516d23) [PhysX] Initialized MultithreadedTaskDispatcher with 12 workers.
 -> (artifact id: 'd256db2f8d0715792b77f331a85522da') in 0.023867 seconds
Number of updated asset objects reloaded before import = 0
Number of asset objects unloaded after import = 1
========================================================================
Received Import Request.
  Time since last request: 0.000122 seconds.
  path: Assets/RPG Tiny Hero Duo/Prefab/FemaleCharacterPolyart.prefab
  artifactKey: Guid(257c304c754d3b247a51ef5bea7a90d0) Importer(2089858483,0ecaa5967403d082aa24f35e1b516d23)
Start importing Assets/RPG Tiny Hero Duo/Prefab/FemaleCharacterPolyart.prefab using Guid(257c304c754d3b247a51ef5bea7a90d0) Importer(2089858483,0ecaa5967403d082aa24f35e1b516d23) [PhysX] Initialized MultithreadedTaskDispatcher with 12 workers.
 -> (artifact id: '70b0e3935d7cbaa117a8ff61c2343987') in 0.051985 seconds
Number of updated asset objects reloaded before import = 0
Number of asset objects unloaded after import = 240
========================================================================
Received Import Request.
  Time since last request: 0.000043 seconds.
  path: Assets/_TerrainAutoUpgrade/layer_grass01_bb3407d0e55802f81.terrainlayer
  artifactKey: Guid(a9a2ba37262e7434eb2bd7c24ed58547) Importer(2089858483,0ecaa5967403d082aa24f35e1b516d23)
Start importing Assets/_TerrainAutoUpgrade/layer_grass01_bb3407d0e55802f81.terrainlayer using Guid(a9a2ba37262e7434eb2bd7c24ed58547) Importer(2089858483,0ecaa5967403d082aa24f35e1b516d23) [PhysX] Initialized MultithreadedTaskDispatcher with 12 workers.
 -> (artifact id: 'ea74e19063b787598ac32805d172bbba') in 0.022047 seconds
Number of updated asset objects reloaded before import = 0
Number of asset objects unloaded after import = 2
========================================================================
Received Import Request.
  Time since last request: 0.000036 seconds.
  path: Assets/RPG Tiny Hero Duo/Animation/SwordAndShield/RootMotion/MoveBWD_Battle_RM_SwordAndShield.fbx
  artifactKey: Guid(320724e8ef4b93d458cfaace85217d1c) Importer(2089858483,0ecaa5967403d082aa24f35e1b516d23)
Start importing Assets/RPG Tiny Hero Duo/Animation/SwordAndShield/RootMotion/MoveBWD_Battle_RM_SwordAndShield.fbx using Guid(320724e8ef4b93d458cfaace85217d1c) Importer(2089858483,0ecaa5967403d082aa24f35e1b516d23) [PhysX] Initialized MultithreadedTaskDispatcher with 12 workers.
 -> (artifact id: '28a4bd00b42fa2c99124bc624919fadf') in 0.050300 seconds
Number of updated asset objects reloaded before import = 0
Number of asset objects unloaded after import = 112
========================================================================
Received Import Request.
  Time since last request: 0.000039 seconds.
  path: Assets/_TerrainAutoUpgrade/layer_grass01b3407d0e55802f81.terrainlayer
  artifactKey: Guid(6b74d635886162046af0f1897d0fd01f) Importer(2089858483,0ecaa5967403d082aa24f35e1b516d23)
Start importing Assets/_TerrainAutoUpgrade/layer_grass01b3407d0e55802f81.terrainlayer using Guid(6b74d635886162046af0f1897d0fd01f) Importer(2089858483,0ecaa5967403d082aa24f35e1b516d23) [PhysX] Initialized MultithreadedTaskDispatcher with 12 workers.
 -> (artifact id: '61b43aae4d97d1f19d50c40736133db7') in 0.020517 seconds
Number of updated asset objects reloaded before import = 0
Number of asset objects unloaded after import = 3
========================================================================
Received Import Request.
  Time since last request: 0.000040 seconds.
  path: Assets/Fantasy Forest Environment Free Sample/Materials/skyMaterial.mat
  artifactKey: Guid(cb20c710b0721ef4d88cabbec2aa4da7) Importer(2089858483,0ecaa5967403d082aa24f35e1b516d23)
Start importing Assets/Fantasy Forest Environment Free Sample/Materials/skyMaterial.mat using Guid(cb20c710b0721ef4d88cabbec2aa4da7) Importer(2089858483,0ecaa5967403d082aa24f35e1b516d23) [PhysX] Initialized MultithreadedTaskDispatcher with 12 workers.
 -> (artifact id: '1595a50f8811eb6496aba79b65ab380e') in 0.023321 seconds
Number of updated asset objects reloaded before import = 0
Number of asset objects unloaded after import = 1
========================================================================
Received Import Request.
  Time since last request: 0.000042 seconds.
  path: Assets/RPG Tiny Hero Duo/Animation/SwordAndShield/Die01_Stay_SwordAndShield.fbx
  artifactKey: Guid(0e112f1584fcccd4face09e3b7156832) Importer(2089858483,0ecaa5967403d082aa24f35e1b516d23)
Start importing Assets/RPG Tiny Hero Duo/Animation/SwordAndShield/Die01_Stay_SwordAndShield.fbx using Guid(0e112f1584fcccd4face09e3b7156832) Importer(2089858483,0ecaa5967403d082aa24f35e1b516d23) [PhysX] Initialized MultithreadedTaskDispatcher with 12 workers.
 -> (artifact id: '44ca79675eaf5d6c7e48ea429a93f190') in 0.085444 seconds
Number of updated asset objects reloaded before import = 0
Number of asset objects unloaded after import = 112
========================================================================
Received Import Request.
  Time since last request: 0.000036 seconds.
  path: Assets/RPG Tiny Hero Duo/Animation/SwordAndShield/Victory_Battle_SwordAndShield.fbx
  artifactKey: Guid(03bef14f938475e429e87b9e986bc32c) Importer(2089858483,0ecaa5967403d082aa24f35e1b516d23)
Start importing Assets/RPG Tiny Hero Duo/Animation/SwordAndShield/Victory_Battle_SwordAndShield.fbx using Guid(03bef14f938475e429e87b9e986bc32c) Importer(2089858483,0ecaa5967403d082aa24f35e1b516d23) [PhysX] Initialized MultithreadedTaskDispatcher with 12 workers.
 -> (artifact id: '37deeab3f8e6e649a04f5abc143aecd6') in 0.065096 seconds
Number of updated asset objects reloaded before import = 0
Number of asset objects unloaded after import = 112
========================================================================
Received Import Request.
  Time since last request: 0.000037 seconds.
  path: Assets/RPG Tiny Hero Duo/Animation/SwordAndShield/InPlace/MoveRGT_Battle_InPlace_SwordAndShield.fbx
  artifactKey: Guid(f531fd2d5a6a8a440b5d450e029c4041) Importer(2089858483,0ecaa5967403d082aa24f35e1b516d23)
Start importing Assets/RPG Tiny Hero Duo/Animation/SwordAndShield/InPlace/MoveRGT_Battle_InPlace_SwordAndShield.fbx using Guid(f531fd2d5a6a8a440b5d450e029c4041) Importer(2089858483,0ecaa5967403d082aa24f35e1b516d23) [PhysX] Initialized MultithreadedTaskDispatcher with 12 workers.
 -> (artifact id: 'dd50172b38fcfce88fec325052917a2b') in 0.046761 seconds
Number of updated asset objects reloaded before import = 0
Number of asset objects unloaded after import = 112
========================================================================
Received Import Request.
  Time since last request: 0.000062 seconds.
  path: Assets/RPG Tiny Hero Duo/Animator/AnimLayer.mask
  artifactKey: Guid(acaf52b69aaad2042b776ec016c26e0e) Importer(2089858483,0ecaa5967403d082aa24f35e1b516d23)
Start importing Assets/RPG Tiny Hero Duo/Animator/AnimLayer.mask using Guid(acaf52b69aaad2042b776ec016c26e0e) Importer(2089858483,0ecaa5967403d082aa24f35e1b516d23) [PhysX] Initialized MultithreadedTaskDispatcher with 12 workers.
 -> (artifact id: '8ef5e1a3cd7ebfa21cbcef6bbf11d32c') in 0.016440 seconds
Number of updated asset objects reloaded before import = 0
Number of asset objects unloaded after import = 1
========================================================================
Received Import Request.
  Time since last request: 0.000067 seconds.
  path: Assets/RPG Tiny Hero Duo/Animation/SwordAndShield/RootMotion/JumpFull_Spin_RM_SwordAndShield.fbx
  artifactKey: Guid(7d1e5bb9bc81eee4095f91385b5effe1) Importer(2089858483,0ecaa5967403d082aa24f35e1b516d23)
Start importing Assets/RPG Tiny Hero Duo/Animation/SwordAndShield/RootMotion/JumpFull_Spin_RM_SwordAndShield.fbx using Guid(7d1e5bb9bc81eee4095f91385b5effe1) Importer(2089858483,0ecaa5967403d082aa24f35e1b516d23) [PhysX] Initialized MultithreadedTaskDispatcher with 12 workers.
 -> (artifact id: '49f90c0210a69cc5b67b24285a7a4ecf') in 0.087655 seconds
Number of updated asset objects reloaded before import = 0
Number of asset objects unloaded after import = 112
========================================================================
Received Import Request.
  Time since last request: 0.000034 seconds.
  path: Assets/RPG Tiny Hero Duo/Animation/SwordAndShield/RootMotion/MoveFWD_Battle_RM_SwordAndShield.fbx
  artifactKey: Guid(8bcf8cfd96eeb4040a37e9e44d89a841) Importer(2089858483,0ecaa5967403d082aa24f35e1b516d23)
Start importing Assets/RPG Tiny Hero Duo/Animation/SwordAndShield/RootMotion/MoveFWD_Battle_RM_SwordAndShield.fbx using Guid(8bcf8cfd96eeb4040a37e9e44d89a841) Importer(2089858483,0ecaa5967403d082aa24f35e1b516d23) [PhysX] Initialized MultithreadedTaskDispatcher with 12 workers.
 -> (artifact id: 'ab1a9c83a891540089de81ebadf2854e') in 0.049360 seconds
Number of updated asset objects reloaded before import = 0
Number of asset objects unloaded after import = 112
========================================================================
Received Import Request.
  Time since last request: 0.000029 seconds.
  path: Assets/RPG Tiny Hero Duo/Animation/SwordAndShield/InPlace/JumpEnd_Normal_InPlace_SwordAndShield.fbx
  artifactKey: Guid(8b662f6fbb996ba429182e54857361d3) Importer(2089858483,0ecaa5967403d082aa24f35e1b516d23)
Start importing Assets/RPG Tiny Hero Duo/Animation/SwordAndShield/InPlace/JumpEnd_Normal_InPlace_SwordAndShield.fbx using Guid(8b662f6fbb996ba429182e54857361d3) Importer(2089858483,0ecaa5967403d082aa24f35e1b516d23) [PhysX] Initialized MultithreadedTaskDispatcher with 12 workers.
 -> (artifact id: 'f46a3db1976ac24ab8aa55ef6f364d89') in 0.042616 seconds
Number of updated asset objects reloaded before import = 0
Number of asset objects unloaded after import = 112
========================================================================
Received Import Request.
  Time since last request: 0.000035 seconds.
  path: Assets/RPG Tiny Hero Duo/Animator/SwordAndShieldStance.controller
  artifactKey: Guid(2be64f57d7d213648aa9b2e5e8e0a39b) Importer(2089858483,0ecaa5967403d082aa24f35e1b516d23)
Start importing Assets/RPG Tiny Hero Duo/Animator/SwordAndShieldStance.controller using Guid(2be64f57d7d213648aa9b2e5e8e0a39b) Importer(2089858483,0ecaa5967403d082aa24f35e1b516d23) [PhysX] Initialized MultithreadedTaskDispatcher with 12 workers.
 -> (artifact id: 'cf3f8f0d9f27f614de8d2311b98d425f') in 0.040579 seconds
Number of updated asset objects reloaded before import = 0
Number of asset objects unloaded after import = 72
========================================================================
Received Import Request.
  Time since last request: 0.000046 seconds.
  path: Assets/RPG Tiny Hero Duo/Mesh/Shield05Polyart.fbx
  artifactKey: Guid(bfe52b9860bf3254b97307683c1f0d88) Importer(2089858483,0ecaa5967403d082aa24f35e1b516d23)
Start importing Assets/RPG Tiny Hero Duo/Mesh/Shield05Polyart.fbx using Guid(bfe52b9860bf3254b97307683c1f0d88) Importer(2089858483,0ecaa5967403d082aa24f35e1b516d23) [PhysX] Initialized MultithreadedTaskDispatcher with 12 workers.
 -> (artifact id: '846d38ad9541b33bcbd03e8cb31413a2') in 0.031015 seconds
Number of updated asset objects reloaded before import = 0
Number of asset objects unloaded after import = 7
========================================================================
Received Import Request.
  Time since last request: 0.000061 seconds.
  path: Assets/RPG Tiny Hero Duo/Animation/SwordAndShield/GetUp_SwordAndShield.fbx
  artifactKey: Guid(4e1dc6b0156559b4ca64937d40514fb5) Importer(2089858483,0ecaa5967403d082aa24f35e1b516d23)
Start importing Assets/RPG Tiny Hero Duo/Animation/SwordAndShield/GetUp_SwordAndShield.fbx using Guid(4e1dc6b0156559b4ca64937d40514fb5) Importer(2089858483,0ecaa5967403d082aa24f35e1b516d23) [PhysX] Initialized MultithreadedTaskDispatcher with 12 workers.
 -> (artifact id: '87ae8947a5d4fd237ce5489051224d1e') in 0.077398 seconds
Number of updated asset objects reloaded before import = 0
Number of asset objects unloaded after import = 112
========================================================================
Received Import Request.
  Time since last request: 0.000035 seconds.
  path: Assets/New Terrain.asset
  artifactKey: Guid(e6157705e88bff9468389802160ced59) Importer(2089858483,0ecaa5967403d082aa24f35e1b516d23)
Start importing Assets/New Terrain.asset using Guid(e6157705e88bff9468389802160ced59) Importer(2089858483,0ecaa5967403d082aa24f35e1b516d23) [PhysX] Initialized MultithreadedTaskDispatcher with 12 workers.
 -> (artifact id: '3924aa449fa95429f543a8e5cce8bb6f') in 0.023527 seconds
Number of updated asset objects reloaded before import = 0
Number of asset objects unloaded after import = 1
========================================================================
Received Import Request.
  Time since last request: 0.000030 seconds.
  path: Assets/RPG Tiny Hero Duo/Prefab/Shield05Polyart.prefab
  artifactKey: Guid(f06068434cc02c941bd2b282c8d154ef) Importer(2089858483,0ecaa5967403d082aa24f35e1b516d23)
Start importing Assets/RPG Tiny Hero Duo/Prefab/Shield05Polyart.prefab using Guid(f06068434cc02c941bd2b282c8d154ef) Importer(2089858483,0ecaa5967403d082aa24f35e1b516d23) [PhysX] Initialized MultithreadedTaskDispatcher with 12 workers.
 -> (artifact id: 'b4fd522ebbd1e5f2384505c41f6d2e82') in 0.022621 seconds
Number of updated asset objects reloaded before import = 0
Number of asset objects unloaded after import = 7
========================================================================
Received Import Request.
  Time since last request: 0.000038 seconds.
  path: Assets/RPG Tiny Hero Duo/Prefab/Shield05PBR.prefab
  artifactKey: Guid(ac86f8ddca59acb4184d3eb42067bafa) Importer(2089858483,0ecaa5967403d082aa24f35e1b516d23)
Start importing Assets/RPG Tiny Hero Duo/Prefab/Shield05PBR.prefab using Guid(ac86f8ddca59acb4184d3eb42067bafa) Importer(2089858483,0ecaa5967403d082aa24f35e1b516d23) [PhysX] Initialized MultithreadedTaskDispatcher with 12 workers.
 -> (artifact id: 'd65629ed137aa60ff5856abf73a02451') in 0.023905 seconds
Number of updated asset objects reloaded before import = 0
Number of asset objects unloaded after import = 7
========================================================================
Received Import Request.
  Time since last request: 0.000034 seconds.
  path: Assets/RPG Tiny Hero Duo/Animator/AnimationLayer.controller
  artifactKey: Guid(ad202f9dbc4f60c49a5f7d1d0546d1ec) Importer(2089858483,0ecaa5967403d082aa24f35e1b516d23)
Start importing Assets/RPG Tiny Hero Duo/Animator/AnimationLayer.controller using Guid(ad202f9dbc4f60c49a5f7d1d0546d1ec) Importer(2089858483,0ecaa5967403d082aa24f35e1b516d23) [PhysX] Initialized MultithreadedTaskDispatcher with 12 workers.
 -> (artifact id: 'f795b4478491339fa1b3fd20d95b3b79') in 0.018939 seconds
Number of updated asset objects reloaded before import = 0
Number of asset objects unloaded after import = 8
========================================================================
Received Import Request.
  Time since last request: 0.000036 seconds.
  path: Assets/Fantasy Forest Environment Free Sample/StandardNoCulling.shader
  artifactKey: Guid(717bc8f73d5aea64caef02a0c07b1e3a) Importer(2089858483,0ecaa5967403d082aa24f35e1b516d23)
Start importing Assets/Fantasy Forest Environment Free Sample/StandardNoCulling.shader using Guid(717bc8f73d5aea64caef02a0c07b1e3a) Importer(2089858483,0ecaa5967403d082aa24f35e1b516d23) [PhysX] Initialized MultithreadedTaskDispatcher with 12 workers.
 -> (artifact id: '1ea5c5ef226c9e146f3dd99a837ddf72') in 0.027683 seconds
Number of updated asset objects reloaded before import = 0
Number of asset objects unloaded after import = 1
========================================================================
Received Import Request.
  Time since last request: 0.000038 seconds.
  path: Assets/RPG Tiny Hero Duo/Scene/RootMotion.unity
  artifactKey: Guid(434dafee2b278604da21509f31e83199) Importer(2089858483,0ecaa5967403d082aa24f35e1b516d23)
Start importing Assets/RPG Tiny Hero Duo/Scene/RootMotion.unity using Guid(434dafee2b278604da21509f31e83199) Importer(2089858483,0ecaa5967403d082aa24f35e1b516d23) [PhysX] Initialized MultithreadedTaskDispatcher with 12 workers.
 -> (artifact id: 'f2f3db57daf1d1acd499815d25e102b7') in 0.014893 seconds
Number of updated asset objects reloaded before import = 0
Number of asset objects unloaded after import = 1
========================================================================
Received Import Request.
  Time since last request: 0.000109 seconds.
  path: Assets/RPG Tiny Hero Duo/Animation/SwordAndShield/InPlace/JumpAir_Normal_InPlace_SwordAndShield.fbx
  artifactKey: Guid(8be8f9bf3f16f184fb9719bd233874e6) Importer(2089858483,0ecaa5967403d082aa24f35e1b516d23)
Start importing Assets/RPG Tiny Hero Duo/Animation/SwordAndShield/InPlace/JumpAir_Normal_InPlace_SwordAndShield.fbx using Guid(8be8f9bf3f16f184fb9719bd233874e6) Importer(2089858483,0ecaa5967403d082aa24f35e1b516d23) [PhysX] Initialized MultithreadedTaskDispatcher with 12 workers.
 -> (artifact id: '8172e7d3de27eb117f36e6930569755d') in 0.050263 seconds
Number of updated asset objects reloaded before import = 0
Number of asset objects unloaded after import = 112
========================================================================
Received Import Request.
  Time since last request: 0.000034 seconds.
  path: Assets/RPG Tiny Hero Duo/Animation/SwordAndShield/InPlace/MoveFWD_Battle_InPlace_SwordAndShield.fbx
  artifactKey: Guid(7d4f9e9da55a3bd4f958a63308a522a1) Importer(2089858483,0ecaa5967403d082aa24f35e1b516d23)
Start importing Assets/RPG Tiny Hero Duo/Animation/SwordAndShield/InPlace/MoveFWD_Battle_InPlace_SwordAndShield.fbx using Guid(7d4f9e9da55a3bd4f958a63308a522a1) Importer(2089858483,0ecaa5967403d082aa24f35e1b516d23) [PhysX] Initialized MultithreadedTaskDispatcher with 12 workers.
 -> (artifact id: 'd6a21517244a4348070d88226328b984') in 0.087991 seconds
Number of updated asset objects reloaded before import = 0
Number of asset objects unloaded after import = 112
========================================================================
Received Import Request.
  Time since last request: 0.000045 seconds.
  path: Assets/RPG Tiny Hero Duo/Prefab/OHS03PBR.prefab
  artifactKey: Guid(9fbe61d1f4bc091439f25f985dd189a5) Importer(2089858483,0ecaa5967403d082aa24f35e1b516d23)
Start importing Assets/RPG Tiny Hero Duo/Prefab/OHS03PBR.prefab using Guid(9fbe61d1f4bc091439f25f985dd189a5) Importer(2089858483,0ecaa5967403d082aa24f35e1b516d23) [PhysX] Initialized MultithreadedTaskDispatcher with 12 workers.
 -> (artifact id: 'b213674eb8e12d1158e6511f64d136f9') in 0.021534 seconds
Number of updated asset objects reloaded before import = 0
Number of asset objects unloaded after import = 7
========================================================================
Received Import Request.
  Time since last request: 0.000034 seconds.
  path: Assets/Fantasy Forest Environment Free Sample/Textures/dirt01.tga
  artifactKey: Guid(30ec70ef60a2bb54ea2df6f72c77bdc6) Importer(2089858483,0ecaa5967403d082aa24f35e1b516d23)
Start importing Assets/Fantasy Forest Environment Free Sample/Textures/dirt01.tga using Guid(30ec70ef60a2bb54ea2df6f72c77bdc6) Importer(2089858483,0ecaa5967403d082aa24f35e1b516d23) [PhysX] Initialized MultithreadedTaskDispatcher with 12 workers.
 -> (artifact id: '9c83975da179a26bf7f63eb3e0f9a2df') in 0.029329 seconds
Number of updated asset objects reloaded before import = 0
Number of asset objects unloaded after import = 1
Editor requested this worker to shutdown with reason: Scaling down because of idle timeout
TcpMessagingSession - receive error: operation aborted. errorcode: 995, details:  /   -       .
AssetImportWorker is now disconnected from the server
Process exiting
Exiting without the bug reporter. Application will terminate with return code 0